[0.105s] DEBUG:colcon:Command line arguments: ['/bin/colcon', 'build', '--packages-select', 'dh_gripper_driver']
[0.105s] DEBUG:colcon:Parsed command line arguments: Namespace(log_base=None, log_level=None, verb_name='build', build_base='build', install_base='install', merge_install=False, symlink_install=False, test_result_base=None, continue_on_error=False, executor='parallel', parallel_workers=12, event_handlers=None, ignore_user_meta=False, metas=['./colcon.meta'], base_paths=['.'], packages_ignore=None, packages_ignore_regex=None, paths=None, packages_up_to=None, packages_up_to_regex=None, packages_above=None, packages_above_and_dependencies=None, packages_above_depth=None, packages_select_by_dep=None, packages_skip_by_dep=None, packages_skip_up_to=None, packages_select_build_failed=False, packages_skip_build_finished=False, packages_select_test_failures=False, packages_skip_test_passed=False, packages_select=['dh_gripper_driver'], packages_skip=None, packages_select_regex=None, packages_skip_regex=None, packages_start=None, packages_end=None, allow_overriding=[], cmake_args=None, cmake_target=None, cmake_target_skip_unavailable=False, cmake_clean_cache=False, cmake_clean_first=False, cmake_force_configure=False, ament_cmake_args=None, catkin_cmake_args=None, catkin_skip_building_tests=False, mixin_files=None, mixin=None, verb_parser=<colcon_mixin.mixin.mixin_argument.MixinArgumentDecorator object at 0x70c10e7b8f20>, verb_extension=<colcon_core.verb.build.BuildVerb object at 0x70c10e7b8c20>, main=<bound method BuildVerb.main of <colcon_core.verb.build.BuildVerb object at 0x70c10e7b8c20>>, mixin_verb=('build',))
[0.141s] Level 1:colcon.colcon_core.package_discovery:discover_packages(colcon_meta) check parameters
[0.141s] Level 1:colcon.colcon_core.package_discovery:discover_packages(recursive) check parameters
[0.141s] Level 1:colcon.colcon_core.package_discovery:discover_packages(ignore) check parameters
[0.141s] Level 1:colcon.colcon_core.package_discovery:discover_packages(path) check parameters
[0.141s] Level 1:colcon.colcon_core.package_discovery:discover_packages(colcon_meta) discover
[0.141s] Level 1:colcon.colcon_core.package_discovery:discover_packages(recursive) discover
[0.141s] INFO:colcon.colcon_core.package_discovery:Crawling recursively for packages in '/home/razdvakoma/Workspace/dh_gripper_driver'
[0.141s] Level 1:colcon.colcon_core.package_identification:_identify(.) by extensions ['ignore', 'ignore_ament_install']
[0.142s] Level 1:colcon.colcon_core.package_identification:_identify(.) by extension 'ignore'
[0.142s] Level 1:colcon.colcon_core.package_identification:_identify(.) by extension 'ignore_ament_install'
[0.142s] Level 1:colcon.colcon_core.package_identification:_identify(.) by extensions ['colcon_pkg']
[0.142s] Level 1:colcon.colcon_core.package_identification:_identify(.) by extension 'colcon_pkg'
[0.142s] Level 1:colcon.colcon_core.package_identification:_identify(.) by extensions ['colcon_meta']
[0.142s] Level 1:colcon.colcon_core.package_identification:_identify(.) by extension 'colcon_meta'
[0.142s] Level 1:colcon.colcon_core.package_identification:_identify(.) by extensions ['ros']
[0.142s] Level 1:colcon.colcon_core.package_identification:_identify(.) by extension 'ros'
[0.168s] DEBUG:colcon.colcon_core.package_identification:Package '.' with type 'ros.ament_cmake' and name 'dh_gripper_driver'
[0.168s] Level 1:colcon.colcon_core.package_discovery:discover_packages(recursive) using defaults
[0.168s] Level 1:colcon.colcon_core.package_discovery:discover_packages(ignore) discover
[0.168s] Level 1:colcon.colcon_core.package_discovery:discover_packages(ignore) using defaults
[0.168s] Level 1:colcon.colcon_core.package_discovery:discover_packages(path) discover
[0.168s] Level 1:colcon.colcon_core.package_discovery:discover_packages(path) using defaults
[0.183s] Level 1:colcon.colcon_core.package_discovery:discover_packages(prefix_path) check parameters
[0.183s] Level 1:colcon.colcon_core.package_discovery:discover_packages(prefix_path) discover
[0.188s] DEBUG:colcon.colcon_installed_package_information.package_discovery:Found 354 installed packages in /opt/ros/jazzy
[0.189s] Level 1:colcon.colcon_core.package_discovery:discover_packages(prefix_path) using defaults
[0.231s] Level 5:colcon.colcon_core.verb:set package 'dh_gripper_driver' build argument 'cmake_args' from command line to 'None'
[0.232s] Level 5:colcon.colcon_core.verb:set package 'dh_gripper_driver' build argument 'cmake_target' from command line to 'None'
[0.232s] Level 5:colcon.colcon_core.verb:set package 'dh_gripper_driver' build argument 'cmake_target_skip_unavailable' from command line to 'False'
[0.232s] Level 5:colcon.colcon_core.verb:set package 'dh_gripper_driver' build argument 'cmake_clean_cache' from command line to 'False'
[0.232s] Level 5:colcon.colcon_core.verb:set package 'dh_gripper_driver' build argument 'cmake_clean_first' from command line to 'False'
[0.232s] Level 5:colcon.colcon_core.verb:set package 'dh_gripper_driver' build argument 'cmake_force_configure' from command line to 'False'
[0.232s] Level 5:colcon.colcon_core.verb:set package 'dh_gripper_driver' build argument 'ament_cmake_args' from command line to 'None'
[0.232s] Level 5:colcon.colcon_core.verb:set package 'dh_gripper_driver' build argument 'catkin_cmake_args' from command line to 'None'
[0.232s] Level 5:colcon.colcon_core.verb:set package 'dh_gripper_driver' build argument 'catkin_skip_building_tests' from command line to 'False'
[0.232s] DEBUG:colcon.colcon_core.verb:Building package 'dh_gripper_driver' with the following arguments: {'ament_cmake_args': None, 'build_base': '/home/razdvakoma/Workspace/dh_gripper_driver/build/dh_gripper_driver', 'catkin_cmake_args': None, 'catkin_skip_building_tests': False, 'cmake_args': None, 'cmake_clean_cache': False, 'cmake_clean_first': False, 'cmake_force_configure': False, 'cmake_target': None, 'cmake_target_skip_unavailable': False, 'install_base': '/home/razdvakoma/Workspace/dh_gripper_driver/install/dh_gripper_driver', 'merge_install': False, 'path': '/home/razdvakoma/Workspace/dh_gripper_driver', 'symlink_install': False, 'test_result_base': None}
[0.232s] INFO:colcon.colcon_core.executor:Executing jobs using 'parallel' executor
[0.233s] DEBUG:colcon.colcon_parallel_executor.executor.parallel:run_until_complete
[0.233s] INFO:colcon.colcon_ros.task.ament_cmake.build:Building ROS package in '/home/razdvakoma/Workspace/dh_gripper_driver' with build type 'ament_cmake'
[0.233s] INFO:colcon.colcon_cmake.task.cmake.build:Building CMake package in '/home/razdvakoma/Workspace/dh_gripper_driver'
[0.236s] INFO:colcon.colcon_core.plugin_system:Skipping extension 'colcon_core.shell.bat': Not used on non-Windows systems
[0.236s] INFO:colcon.colcon_core.shell:Skip shell extension 'powershell' for command environment: Not usable outside of PowerShell
[0.236s] DEBUG:colcon.colcon_core.shell:Skip shell extension 'dsv' for command environment
[0.246s] DEBUG:colcon.colcon_core.event_handler.log_command:Invoking command in '/home/razdvakoma/Workspace/dh_gripper_driver/build/dh_gripper_driver': CMAKE_PREFIX_PATH=${CMAKE_PREFIX_PATH}:/opt/ros/jazzy /bin/cmake /home/razdvakoma/Workspace/dh_gripper_driver -DCMAKE_INSTALL_PREFIX=/home/razdvakoma/Workspace/dh_gripper_driver/install/dh_gripper_driver
[1.356s] DEBUG:colcon.colcon_core.event_handler.log_command:Invoked command in '/home/razdvakoma/Workspace/dh_gripper_driver/build/dh_gripper_driver' returned '0': CMAKE_PREFIX_PATH=${CMAKE_PREFIX_PATH}:/opt/ros/jazzy /bin/cmake /home/razdvakoma/Workspace/dh_gripper_driver -DCMAKE_INSTALL_PREFIX=/home/razdvakoma/Workspace/dh_gripper_driver/install/dh_gripper_driver
[1.358s] DEBUG:colcon.colcon_core.event_handler.log_command:Invoking command in '/home/razdvakoma/Workspace/dh_gripper_driver/build/dh_gripper_driver': CMAKE_PREFIX_PATH=${CMAKE_PREFIX_PATH}:/opt/ros/jazzy /bin/cmake --build /home/razdvakoma/Workspace/dh_gripper_driver/build/dh_gripper_driver -- -j12 -l12
[1.427s] DEBUG:colcon.colcon_core.event_handler.log_command:Invoked command in '/home/razdvakoma/Workspace/dh_gripper_driver/build/dh_gripper_driver' returned '0': CMAKE_PREFIX_PATH=${CMAKE_PREFIX_PATH}:/opt/ros/jazzy /bin/cmake --build /home/razdvakoma/Workspace/dh_gripper_driver/build/dh_gripper_driver -- -j12 -l12
[1.450s] DEBUG:colcon.colcon_core.event_handler.log_command:Invoking command in '/home/razdvakoma/Workspace/dh_gripper_driver/build/dh_gripper_driver': CMAKE_PREFIX_PATH=${CMAKE_PREFIX_PATH}:/opt/ros/jazzy /bin/cmake --install /home/razdvakoma/Workspace/dh_gripper_driver/build/dh_gripper_driver
[1.464s] Level 1:colcon.colcon_core.environment:create_environment_scripts_only(dh_gripper_driver)
[1.465s] DEBUG:colcon.colcon_core.event_handler.log_command:Invoked command in '/home/razdvakoma/Workspace/dh_gripper_driver/build/dh_gripper_driver' returned '0': CMAKE_PREFIX_PATH=${CMAKE_PREFIX_PATH}:/opt/ros/jazzy /bin/cmake --install /home/razdvakoma/Workspace/dh_gripper_driver/build/dh_gripper_driver
[1.468s] Level 1:colcon.colcon_core.environment:checking '/home/razdvakoma/Workspace/dh_gripper_driver/install/dh_gripper_driver' for CMake module files
[1.469s] Level 1:colcon.colcon_core.environment:checking '/home/razdvakoma/Workspace/dh_gripper_driver/install/dh_gripper_driver' for CMake config files
[1.469s] Level 1:colcon.colcon_core.shell:create_environment_hook('dh_gripper_driver', 'cmake_prefix_path')
[1.469s] INFO:colcon.colcon_core.shell:Creating environment hook '/home/razdvakoma/Workspace/dh_gripper_driver/install/dh_gripper_driver/share/dh_gripper_driver/hook/cmake_prefix_path.ps1'
[1.470s] INFO:colcon.colcon_core.shell:Creating environment descriptor '/home/razdvakoma/Workspace/dh_gripper_driver/install/dh_gripper_driver/share/dh_gripper_driver/hook/cmake_prefix_path.dsv'
[1.470s] INFO:colcon.colcon_core.shell:Creating environment hook '/home/razdvakoma/Workspace/dh_gripper_driver/install/dh_gripper_driver/share/dh_gripper_driver/hook/cmake_prefix_path.sh'
[1.471s] Level 1:colcon.colcon_core.environment:checking '/home/razdvakoma/Workspace/dh_gripper_driver/install/dh_gripper_driver/lib'
[1.471s] Level 1:colcon.colcon_core.environment:checking '/home/razdvakoma/Workspace/dh_gripper_driver/install/dh_gripper_driver/bin'
[1.471s] Level 1:colcon.colcon_core.environment:checking '/home/razdvakoma/Workspace/dh_gripper_driver/install/dh_gripper_driver/lib/pkgconfig/dh_gripper_driver.pc'
[1.471s] Level 1:colcon.colcon_core.environment:checking '/home/razdvakoma/Workspace/dh_gripper_driver/install/dh_gripper_driver/lib/python3.12/site-packages'
[1.471s] Level 1:colcon.colcon_core.environment:checking '/home/razdvakoma/Workspace/dh_gripper_driver/install/dh_gripper_driver/bin'
[1.471s] INFO:colcon.colcon_core.shell:Creating package script '/home/razdvakoma/Workspace/dh_gripper_driver/install/dh_gripper_driver/share/dh_gripper_driver/package.ps1'
[1.472s] INFO:colcon.colcon_core.shell:Creating package descriptor '/home/razdvakoma/Workspace/dh_gripper_driver/install/dh_gripper_driver/share/dh_gripper_driver/package.dsv'
[1.473s] INFO:colcon.colcon_core.shell:Creating package script '/home/razdvakoma/Workspace/dh_gripper_driver/install/dh_gripper_driver/share/dh_gripper_driver/package.sh'
[1.473s] INFO:colcon.colcon_core.shell:Creating package script '/home/razdvakoma/Workspace/dh_gripper_driver/install/dh_gripper_driver/share/dh_gripper_driver/package.bash'
[1.474s] INFO:colcon.colcon_core.shell:Creating package script '/home/razdvakoma/Workspace/dh_gripper_driver/install/dh_gripper_driver/share/dh_gripper_driver/package.zsh'
[1.474s] Level 1:colcon.colcon_core.environment:create_file_with_runtime_dependencies(/home/razdvakoma/Workspace/dh_gripper_driver/install/dh_gripper_driver/share/colcon-core/packages/dh_gripper_driver)
[1.475s] Level 1:colcon.colcon_core.environment:create_environment_scripts_only(dh_gripper_driver)
[1.475s] Level 1:colcon.colcon_core.environment:checking '/home/razdvakoma/Workspace/dh_gripper_driver/install/dh_gripper_driver' for CMake module files
[1.475s] Level 1:colcon.colcon_core.environment:checking '/home/razdvakoma/Workspace/dh_gripper_driver/install/dh_gripper_driver' for CMake config files
[1.476s] Level 1:colcon.colcon_core.shell:create_environment_hook('dh_gripper_driver', 'cmake_prefix_path')
[1.476s] INFO:colcon.colcon_core.shell:Creating environment hook '/home/razdvakoma/Workspace/dh_gripper_driver/install/dh_gripper_driver/share/dh_gripper_driver/hook/cmake_prefix_path.ps1'
[1.476s] INFO:colcon.colcon_core.shell:Creating environment descriptor '/home/razdvakoma/Workspace/dh_gripper_driver/install/dh_gripper_driver/share/dh_gripper_driver/hook/cmake_prefix_path.dsv'
[1.476s] INFO:colcon.colcon_core.shell:Creating environment hook '/home/razdvakoma/Workspace/dh_gripper_driver/install/dh_gripper_driver/share/dh_gripper_driver/hook/cmake_prefix_path.sh'
[1.477s] Level 1:colcon.colcon_core.environment:checking '/home/razdvakoma/Workspace/dh_gripper_driver/install/dh_gripper_driver/lib'
[1.477s] Level 1:colcon.colcon_core.environment:checking '/home/razdvakoma/Workspace/dh_gripper_driver/install/dh_gripper_driver/bin'
[1.477s] Level 1:colcon.colcon_core.environment:checking '/home/razdvakoma/Workspace/dh_gripper_driver/install/dh_gripper_driver/lib/pkgconfig/dh_gripper_driver.pc'
[1.477s] Level 1:colcon.colcon_core.environment:checking '/home/razdvakoma/Workspace/dh_gripper_driver/install/dh_gripper_driver/lib/python3.12/site-packages'
[1.477s] Level 1:colcon.colcon_core.environment:checking '/home/razdvakoma/Workspace/dh_gripper_driver/install/dh_gripper_driver/bin'
[1.477s] INFO:colcon.colcon_core.shell:Creating package script '/home/razdvakoma/Workspace/dh_gripper_driver/install/dh_gripper_driver/share/dh_gripper_driver/package.ps1'
[1.478s] INFO:colcon.colcon_core.shell:Creating package descriptor '/home/razdvakoma/Workspace/dh_gripper_driver/install/dh_gripper_driver/share/dh_gripper_driver/package.dsv'
[1.478s] INFO:colcon.colcon_core.shell:Creating package script '/home/razdvakoma/Workspace/dh_gripper_driver/install/dh_gripper_driver/share/dh_gripper_driver/package.sh'
[1.478s] INFO:colcon.colcon_core.shell:Creating package script '/home/razdvakoma/Workspace/dh_gripper_driver/install/dh_gripper_driver/share/dh_gripper_driver/package.bash'
[1.479s] INFO:colcon.colcon_core.shell:Creating package script '/home/razdvakoma/Workspace/dh_gripper_driver/install/dh_gripper_driver/share/dh_gripper_driver/package.zsh'
[1.479s] Level 1:colcon.colcon_core.environment:create_file_with_runtime_dependencies(/home/razdvakoma/Workspace/dh_gripper_driver/install/dh_gripper_driver/share/colcon-core/packages/dh_gripper_driver)
[1.479s] DEBUG:colcon.colcon_parallel_executor.executor.parallel:closing loop
[1.479s] DEBUG:colcon.colcon_parallel_executor.executor.parallel:loop closed
[1.479s] DEBUG:colcon.colcon_parallel_executor.executor.parallel:run_until_complete finished with '0'
[1.479s] DEBUG:colcon.colcon_core.event_reactor:joining thread
[1.492s] INFO:colcon.colcon_core.plugin_system:Skipping extension 'colcon_notification.desktop_notification.terminal_notifier': Not used on non-Darwin systems
[1.493s] INFO:colcon.colcon_core.plugin_system:Skipping extension 'colcon_notification.desktop_notification.win32': Not used on non-Windows systems
[1.493s] INFO:colcon.colcon_notification.desktop_notification:Sending desktop notification using 'notify2'
[1.519s] DEBUG:colcon.colcon_core.event_reactor:joined thread
[1.520s] INFO:colcon.colcon_core.shell:Creating prefix script '/home/razdvakoma/Workspace/dh_gripper_driver/install/local_setup.ps1'
[1.522s] INFO:colcon.colcon_core.shell:Creating prefix util module '/home/razdvakoma/Workspace/dh_gripper_driver/install/_local_setup_util_ps1.py'
[1.524s] INFO:colcon.colcon_core.shell:Creating prefix chain script '/home/razdvakoma/Workspace/dh_gripper_driver/install/setup.ps1'
[1.526s] INFO:colcon.colcon_core.shell:Creating prefix script '/home/razdvakoma/Workspace/dh_gripper_driver/install/local_setup.sh'
[1.528s] INFO:colcon.colcon_core.shell:Creating prefix util module '/home/razdvakoma/Workspace/dh_gripper_driver/install/_local_setup_util_sh.py'
[1.529s] INFO:colcon.colcon_core.shell:Creating prefix chain script '/home/razdvakoma/Workspace/dh_gripper_driver/install/setup.sh'
[1.531s] INFO:colcon.colcon_core.shell:Creating prefix script '/home/razdvakoma/Workspace/dh_gripper_driver/install/local_setup.bash'
[1.532s] INFO:colcon.colcon_core.shell:Creating prefix chain script '/home/razdvakoma/Workspace/dh_gripper_driver/install/setup.bash'
[1.534s] INFO:colcon.colcon_core.shell:Creating prefix script '/home/razdvakoma/Workspace/dh_gripper_driver/install/local_setup.zsh'
[1.535s] INFO:colcon.colcon_core.shell:Creating prefix chain script '/home/razdvakoma/Workspace/dh_gripper_driver/install/setup.zsh'
